mode: set
/home/leo/code/conpropiedad/code/go/conpropiedad.go:15.13,20.33 4 0
/home/leo/code/conpropiedad/code/go/conpropiedad.go:24.2,25.16 2 0
/home/leo/code/conpropiedad/code/go/conpropiedad.go:28.2,28.25 1 0
/home/leo/code/conpropiedad/code/go/conpropiedad.go:20.33,22.3 1 0
/home/leo/code/conpropiedad/code/go/conpropiedad.go:25.16,26.13 1 0
/home/leo/code/conpropiedad/code/go/utils.go:11.46,12.23 1 1
/home/leo/code/conpropiedad/code/go/utils.go:15.2,17.30 2 1
/home/leo/code/conpropiedad/code/go/utils.go:23.2,23.10 1 1
/home/leo/code/conpropiedad/code/go/utils.go:12.23,14.3 1 1
/home/leo/code/conpropiedad/code/go/utils.go:17.30,18.39 1 1
/home/leo/code/conpropiedad/code/go/utils.go:18.39,20.9 2 1
/home/leo/code/conpropiedad/code/go/utils.go:26.81,28.16 2 1
/home/leo/code/conpropiedad/code/go/utils.go:31.2,36.21 4 1
/home/leo/code/conpropiedad/code/go/utils.go:48.2,48.19 1 1
/home/leo/code/conpropiedad/code/go/utils.go:28.16,30.3 1 1
/home/leo/code/conpropiedad/code/go/utils.go:36.21,38.33 2 1
/home/leo/code/conpropiedad/code/go/utils.go:41.3,41.47 1 1
/home/leo/code/conpropiedad/code/go/utils.go:44.3,45.30 2 1
/home/leo/code/conpropiedad/code/go/utils.go:38.33,39.12 1 1
/home/leo/code/conpropiedad/code/go/utils.go:41.47,42.12 1 1
/home/leo/code/conpropiedad/code/go/utils.go:51.48,59.2 7 1
/home/leo/code/conpropiedad/code/go/utils.go:61.41,63.2 1 1
/home/leo/code/conpropiedad/code/go/utils.go:65.66,67.2 1 1
/home/leo/code/conpropiedad/code/go/utils.go:69.36,70.22 1 1
/home/leo/code/conpropiedad/code/go/utils.go:73.2,73.22 1 1
/home/leo/code/conpropiedad/code/go/utils.go:78.2,78.13 1 1
/home/leo/code/conpropiedad/code/go/utils.go:70.22,72.3 1 1
/home/leo/code/conpropiedad/code/go/utils.go:73.22,74.16 1 1
/home/leo/code/conpropiedad/code/go/utils.go:74.16,76.4 1 1
/home/leo/code/conpropiedad/code/go/utils.go:81.33,83.2 1 1
/home/leo/code/conpropiedad/code/go/utils.go:85.82,87.19 2 1
/home/leo/code/conpropiedad/code/go/utils.go:90.2,90.18 1 1
/home/leo/code/conpropiedad/code/go/utils.go:87.19,89.3 1 1
